Build started 03.10.2018 12:46:49.
     1>Project "F:\Osipov_Shushkanov_Kulichkov\Osipov_Shushkanov_Kulichkov\Osipov_Shushkanov_Kulichkov.vcxproj" on node 2 (Rebuild target(s)).
     1>_PrepareForClean:
         Deleting file "Debug\Osipov_S.0A50BF8A.tlog\Osipov_Shushkanov_Kulichkov.lastbuildstate".
       InitializeBuildStatus:
         Touching "Debug\Osipov_S.0A50BF8A.tlog\unsuccessfulbuild".
       ClCompile:
         D:\VS2013\VC\bin\CL.exe /c /ZI /nologo /W3 /WX- /sdl /Od /Oy- /D WIN32 /D _DEBUG /D _CONSOLE /D _LIB /D _MBCS /Gm /EHsc /RTC1 /MDd /GS /fp:precise /Zc:wchar_t /Zc:forScope /Yc"stdafx.h" /Fp"Debug\Osipov_Shushkanov_Kulichkov.pch" /Fo"Debug\\" /Fd"Debug\vc120.pdb" /Gd /TP /analyze- /errorReport:prompt stdafx.cpp
         stdafx.cpp
         D:\VS2013\VC\bin\CL.exe /c /ZI /nologo /W3 /WX- /sdl /Od /Oy- /D WIN32 /D _DEBUG /D _CONSOLE /D _LIB /D _MBCS /Gm /EHsc /RTC1 /MDd /GS /fp:precise /Zc:wchar_t /Zc:forScope /Yu"stdafx.h" /Fp"Debug\Osipov_Shushkanov_Kulichkov.pch" /Fo"Debug\\" /Fd"Debug\vc120.pdb" /Gd /TP /analyze- /errorReport:prompt Osipov_Shushkanov_Kulichkov.cpp
         Osipov_Shushkanov_Kulichkov.cpp
     1>f:\osipov_shushkanov_kulichkov\osipov_shushkanov_kulichkov\osipov_shushkanov_kulichkov.cpp(22): warning C4101: 'name' : unreferenced local variable
     1>f:\osipov_shushkanov_kulichkov\osipov_shushkanov_kulichkov\osipov_shushkanov_kulichkov.cpp(26): warning C4101: 'k' : unreferenced local variable
       Link:
         D:\VS2013\VC\bin\link.exe /ERRORREPORT:PROMPT /OUT:"F:\Osipov_Shushkanov_Kulichkov\Debug\Osipov_Shushkanov_Kulichkov.exe" /INCREMENTAL /NOLOGO kernel32.lib user32.lib gdi32.lib winspool.lib comdlg32.lib advapi32.lib shell32.lib ole32.lib oleaut32.lib uuid.lib odbc32.lib odbccp32.lib /MANIFEST /MANIFESTUAC:"level='asInvoker' uiAccess='false'" /manifest:embed /DEBUG /PDB:"F:\Osipov_Shushkanov_Kulichkov\Debug\Osipov_Shushkanov_Kulichkov.pdb" /SUBSYSTEM:CONSOLE /TLBID:1 /DYNAMICBASE /NXCOMPAT /IMPLIB:"F:\Osipov_Shushkanov_Kulichkov\Debug\Osipov_Shushkanov_Kulichkov.lib" /MACHINE:X86 Debug\Osipov_Shushkanov_Kulichkov.obj
         Debug\stdafx.obj
         Osipov_Shushkanov_Kulichkov.vcxproj -> F:\Osipov_Shushkanov_Kulichkov\Debug\Osipov_Shushkanov_Kulichkov.exe
       FinalizeBuildStatus:
         Deleting file "Debug\Osipov_S.0A50BF8A.tlog\unsuccessfulbuild".
         Touching "Debug\Osipov_S.0A50BF8A.tlog\Osipov_Shushkanov_Kulichkov.lastbuildstate".
     1>Done Building Project "F:\Osipov_Shushkanov_Kulichkov\Osipov_Shushkanov_Kulichkov\Osipov_Shushkanov_Kulichkov.vcxproj" (Rebuild target(s)).

Build succeeded.

Time Elapsed 00:00:35.56
