e:\plab1_var4\osipov_shushkanov_kulichkov\osipov_shushkanov_kulichkov\debug\osipov_shushkanov_kulichkov.pch
e:\plab1_var4\osipov_shushkanov_kulichkov\osipov_shushkanov_kulichkov\debug\vc120.pdb
e:\plab1_var4\osipov_shushkanov_kulichkov\osipov_shushkanov_kulichkov\debug\vc120.idb
e:\plab1_var4\osipov_shushkanov_kulichkov\osipov_shushkanov_kulichkov\debug\stdafx.obj
e:\plab1_var4\osipov_shushkanov_kulichkov\osipov_shushkanov_kulichkov\debug\osipov_shushkanov_kulichkov.obj
f:\plab1_var4\osipov_shushkanov_kulichkov\osipov_shushkanov_kulichkov\debug\osipov_shushkanov_kulichkov.pch
f:\plab1_var4\osipov_shushkanov_kulichkov\osipov_shushkanov_kulichkov\debug\vc120.pdb
f:\plab1_var4\osipov_shushkanov_kulichkov\osipov_shushkanov_kulichkov\debug\vc120.idb
f:\plab1_var4\osipov_shushkanov_kulichkov\osipov_shushkanov_kulichkov\debug\stdafx.obj
f:\plab1_var4\osipov_shushkanov_kulichkov\osipov_shushkanov_kulichkov\debug\osipov_shushkanov_kulichkov.obj
e:\plab1_var4\osipov_shushkanov_kulichkov\debug\osipov_shushkanov_kulichkov.ilk
e:\plab1_var4\osipov_shushkanov_kulichkov\debug\osipov_shushkanov_kulichkov.exe
e:\plab1_var4\osipov_shushkanov_kulichkov\debug\osipov_shushkanov_kulichkov.pdb
f:\plab1_var4\osipov_shushkanov_kulichkov\debug\osipov_shushkanov_kulichkov.pdb
f:\plab1_var4\osipov_shushkanov_kulichkov\debug\osipov_shushkanov_kulichkov.exe
f:\plab1_var4\osipov_shushkanov_kulichkov\debug\osipov_shushkanov_kulichkov.ilk
f:\plab1_var4\osipov_shushkanov_kulichkov\osipov_shushkanov_kulichkov\debug\osipov_s.f1e75d0a.tlog\cl.read.1.tlog
f:\plab1_var4\osipov_shushkanov_kulichkov\osipov_shushkanov_kulichkov\debug\osipov_s.f1e75d0a.tlog\cl.write.1.tlog
f:\plab1_var4\osipov_shushkanov_kulichkov\osipov_shushkanov_kulichkov\debug\osipov_s.f1e75d0a.tlog\cl.command.1.tlog
f:\plab1_var4\osipov_shushkanov_kulichkov\osipov_shushkanov_kulichkov\debug\osipov_s.f1e75d0a.tlog\link.read.1.tlog
f:\plab1_var4\osipov_shushkanov_kulichkov\osipov_shushkanov_kulichkov\debug\osipov_s.f1e75d0a.tlog\link.write.1.tlog
f:\plab1_var4\osipov_shushkanov_kulichkov\osipov_shushkanov_kulichkov\debug\osipov_s.f1e75d0a.tlog\link.command.1.tlog
